[38;5;112m[Appium][0m Welcome to Appium v2.13.1
[38;5;112m[Appium][0m Non-default server args:
[38;5;112m[Appium][0m { basePath: [32m'/wd/hub'[39m, loglevel: [32m'info'[39m, port: [33m56979[39m }
[38;5;112m[Appium][0m Attempting to load driver uiautomator2...
[38;5;112m[Appium][0m Attempting to load driver windows...
[38;5;112m[Appium][0m Appium REST http interface listener started on http://0.0.0.0:56979/wd/hub
[38;5;112m[Appium][0m You can provide the following URLs in your client code to connect to this server:
	http://192.168.1.2:56979/wd/hub
	http://127.0.0.1:56979/wd/hub (only accessible from the same host)
[38;5;112m[Appium][0m Available drivers:
[38;5;112m[Appium][0m   - uiautomator2@3.7.3 (automationName 'UiAutomator2')
[38;5;112m[Appium][0m   - windows@2.12.26 (automationName 'Windows')
[38;5;112m[Appium][0m No plugins have been installed. Use the "appium plugin" command to install the one(s) you want to use.
[38;5;86m[HTTP][0m [37m-->[39m [37mGET[39m [37m/wd/hub/status[39m [90m{}[39m
[38;5;86m[HTTP][0m [37m<-- GET /wd/hub/status [39m[32m200[39m [90m8 ms - 111[39m [90m[39m
[38;5;86m[HTTP][0m [37m-->[39m [37mGET[39m [37m/wd/hub/status[39m [90m{}[39m
[38;5;86m[HTTP][0m [37m<-- GET /wd/hub/status [39m[32m200[39m [90m2 ms - 111[39m [90m[39m
[38;5;86m[HTTP][0m [37m-->[39m [37mPOST[39m [37m/wd/hub/session[39m [90m{"desiredCapabilities":{"appium:systemPort":8264,"appium:udid":"1B06293410DA1LSB","appium:autoGrantPermissions":true,"appium:newCommandTimeout":1800,"appium:platformName":"ANDROID","appium:appActivity":".Settings","appium:deviceName":"realme RMX3263 (Android 11)","platformName":"Android","appium:automationName":"uiautomator2","appium:platformVersion":"11","appium:appPackage":"com.android.settings"},"capabilities":{"firstMatch":[{"appium:appActivity":".Settings","appium:appPackage":"com.android.settings","appium:autoGrantPermissions":true,"appium:automationName":"uiautomator2","appium:deviceName":"realme RMX3263 (Android 11)","appium:newCommandTimeout":1800,"appium:platformName":"ANDROID","appium:platformVersion":"11","appium:systemPort":8264,"appium:udid":"1B06293410DA1LSB","platformName":"android"}]}}[39m
[38;5;123m[BaseDriver][0m Ignoring capability 'appium:platformName=ANDROID' and using capability 'platformName=android'
[38;5;123m[BaseDriver][0m The capabilities ["platformName"] are standard capabilities and do not require "appium:" prefix
[38;5;112m[Appium][0m Attempting to find matching driver for automationName 'uiautomator2' and platformName 'android'
[38;5;112m[Appium][0m The 'uiautomator2' driver was installed and matched caps.
[38;5;112m[Appium][0m Will require it at C:\Users\Admin\.appium\node_modules\appium-uiautomator2-driver
[38;5;30m[AppiumDriver@97f4][0m Appium v2.13.1 creating new AndroidUiautomator2Driver (v3.7.3) session
[38;5;30m[AppiumDriver@97f4][0m Checking BaseDriver versions for Appium and AndroidUiautomator2Driver
[38;5;30m[AppiumDriver@97f4][0m Appium's BaseDriver version is 9.13.1
[38;5;30m[AppiumDriver@97f4][0m AndroidUiautomator2Driver's BaseDriver version is 9.13.1
[38;5;93m[d158d84a][0m[38;5;-51m[AndroidUiautomator2Driver@141b][0m Session created with session id: d158d84a-e0c8-414b-af3d-6e6a41043a7b
[38;5;93m[d158d84a][0m[38;5;229m[ADB][0m Found 1 'build-tools' folders under 'C:\Users\Admin\.katalon\tools\android_sdk' (newest first):
[38;5;93m[d158d84a][0m[38;5;229m[ADB][0m     C:\Users\Admin\.katalon\tools\android_sdk\build-tools\29.0.3
[38;5;93m[d158d84a][0m[38;5;229m[ADB][0m Using 'adb.exe' from 'C:\Users\Admin\.katalon\tools\android_sdk\platform-tools\adb.exe'
[38;5;93m[d158d84a][0m[38;5;-51m[AndroidUiautomator2Driver@141b][0m Retrieving device list
[38;5;93m[d158d84a][0m[38;5;-51m[AndroidUiautomator2Driver@141b][0m Using device: 1B06293410DA1LSB
[38;5;93m[d158d84a][0m[38;5;229m[ADB][0m Using 'adb.exe' from 'C:\Users\Admin\.katalon\tools\android_sdk\platform-tools\adb.exe'
[38;5;93m[d158d84a][0m[38;5;-51m[AndroidUiautomator2Driver@141b][0m Starting 'com.android.settings' directly on the device
[38;5;93m[d158d84a][0m[38;5;229m[ADB][0m Getting device platform version
[38;5;93m[d158d84a][0m[38;5;-51m[AndroidUiautomator2Driver@141b][0m Relaxing hidden api policy
[38;5;93m[d158d84a][0m[38;5;-51m[AndroidUiautomator2Driver@141b][0m No app sent in, not parsing package/activity
[38;5;93m[d158d84a][0m[38;5;229m[ADB][0m Using 'aapt2.exe' from 'C:\Users\Admin\.katalon\tools\android_sdk\build-tools\29.0.3\aapt2.exe'
[38;5;93m[d158d84a][0m[38;5;-51m[AndroidUiautomator2Driver@141b][0m Server packages are not going to be (re)installed
[38;5;93m[d158d84a][0m[38;5;229m[ADB][0m Adding packages ["io.appium.settings","io.appium.uiautomator2.server","io.appium.uiautomator2.server.test"] to Doze whitelist
[38;5;93m[d158d84a][0m[38;5;-51m[AndroidUiautomator2Driver@141b][0m Starting UIAutomator2 server 7.0.20
[38;5;93m[d158d84a][0m[38;5;-51m[AndroidUiautomator2Driver@141b][0m Using UIAutomator2 server from 'C:\Users\Admin\.appium\node_modules\appium-uiautomator2-driver\node_modules\appium-uiautomator2-server\apks\appium-uiautomator2-server-v7.0.20.apk' and test from 'C:\Users\Admin\.appium\node_modules\appium-uiautomator2-driver\node_modules\appium-uiautomator2-server\apks\appium-uiautomator2-server-debug-androidTest.apk'
[38;5;93m[d158d84a][0m[38;5;-51m[AndroidUiautomator2Driver@141b][0m Waiting up to 30000ms for UiAutomator2 to be online...
[38;5;93m[d158d84a][0m[38;5;-51m[AndroidUiautomator2Driver@141b][0m socket hang up
[38;5;93m[d158d84a][0m[38;5;-51m[AndroidUiautomator2Driver@141b][0m socket hang up
[38;5;93m[d158d84a][0m[38;5;-51m[AndroidUiautomator2Driver@141b][0m socket hang up
[38;5;93m[d158d84a][0m[38;5;-51m[AndroidUiautomator2Driver@141b][0m Determined the downstream protocol as 'W3C'
[38;5;93m[d158d84a][0m[38;5;-51m[AndroidUiautomator2Driver@141b][0m Screen already unlocked, doing nothing
[38;5;93m[d158d84a][0m[38;5;-51m[AndroidUiautomator2Driver@141b][0m Starting 'com.android.settings/.Settings and waiting for 'com.android.settings/.Settings'
[38;5;93m[d158d84a][0m[38;5;30m[AppiumDriver@97f4][0m New AndroidUiautomator2Driver session created successfully, session d158d84a-e0c8-414b-af3d-6e6a41043a7b added to master session list
[38;5;93m[d158d84a][0m[38;5;86m[HTTP][0m [37m<-- POST /wd/hub/session [39m[32m200[39m [90m7287 ms - 1097[39m [90m[39m
[38;5;93m[d158d84a][0m[38;5;86m[HTTP][0m [37m-->[39m [37mGET[39m [37m/wd/hub/session/d158d84a-e0c8-414b-af3d-6e6a41043a7b[39m [90m{}[39m
[38;5;93m[d158d84a][0m[38;5;86m[HTTP][0m [37m<-- GET /wd/hub/session/d158d84a-e0c8-414b-af3d-6e6a41043a7b [39m[32m200[39m [90m20 ms - 315[39m [90m[39m
[38;5;93m[d158d84a][0m[38;5;86m[HTTP][0m [37m-->[39m [37mGET[39m [37m/wd/hub/session/d158d84a-e0c8-414b-af3d-6e6a41043a7b[39m [90m{}[39m
[38;5;93m[d158d84a][0m[38;5;86m[HTTP][0m [37m<-- GET /wd/hub/session/d158d84a-e0c8-414b-af3d-6e6a41043a7b [39m[32m200[39m [90m17 ms - 315[39m [90m[39m
[38;5;86m[HTTP][0m [37m-->[39m [37mGET[39m [37m/wd/hub/status[39m [90m{}[39m
[38;5;86m[HTTP][0m [37m<-- GET /wd/hub/status [39m[32m200[39m [90m1 ms - 111[39m [90m[39m
[38;5;93m[d158d84a][0m[38;5;86m[HTTP][0m [37m-->[39m [37mPOST[39m [37m/wd/hub/session/d158d84a-e0c8-414b-af3d-6e6a41043a7b/timeouts[39m [90m{"implicit":60000}[39m
[38;5;93m[d158d84a][0m[38;5;86m[HTTP][0m [37m<-- POST /wd/hub/session/d158d84a-e0c8-414b-af3d-6e6a41043a7b/timeouts [39m[32m200[39m [90m3 ms - 14[39m [90m[39m
[38;5;93m[d158d84a][0m[38;5;86m[HTTP][0m [37m-->[39m [37mGET[39m [37m/wd/hub/session/d158d84a-e0c8-414b-af3d-6e6a41043a7b/appium/device/system_bars[39m [90m{}[39m
[38;5;93m[d158d84a][0m[38;5;86m[HTTP][0m [37m<-- GET /wd/hub/session/d158d84a-e0c8-414b-af3d-6e6a41043a7b/appium/device/system_bars [39m[32m200[39m [90m105 ms - 149[39m [90m[39m
[38;5;93m[d158d84a][0m[38;5;86m[HTTP][0m [37m-->[39m [37mPOST[39m [37m/wd/hub/session/d158d84a-e0c8-414b-af3d-6e6a41043a7b/appium/device/activate_app[39m [90m{"bundleId":"com.viettel.VTHome.dev"}[39m
[38;5;93m[d158d84a][0m[38;5;86m[HTTP][0m [37m<-- POST /wd/hub/session/d158d84a-e0c8-414b-af3d-6e6a41043a7b/appium/device/activate_app [39m[32m200[39m [90m165 ms - 14[39m [90m[39m
[38;5;93m[d158d84a][0m[38;5;86m[HTTP][0m [37m-->[39m [37mGET[39m [37m/wd/hub/session/d158d84a-e0c8-414b-af3d-6e6a41043a7b/source[39m [90m{}[39m
[38;5;93m[d158d84a][0m[38;5;-51m[AndroidUiautomator2Driver@141b][0m Driver proxy active, passing request on via HTTP proxy
[38;5;93m[d158d84a][0m[38;5;-51m[AndroidUiautomator2Driver@141b][0m Replacing sessionId a6439823-b360-4cc1-a12b-3771e199aab3 with d158d84a-e0c8-414b-af3d-6e6a41043a7b
[38;5;93m[d158d84a][0m[38;5;86m[HTTP][0m [37m<-- GET /wd/hub/session/d158d84a-e0c8-414b-af3d-6e6a41043a7b/source [39m[32m200[39m [90m815 ms - 18404[39m [90m[39m
[38;5;93m[d158d84a][0m[38;5;86m[HTTP][0m [37m-->[39m [37mGET[39m [37m/wd/hub/session/d158d84a-e0c8-414b-af3d-6e6a41043a7b/screenshot[39m [90m{}[39m
[38;5;93m[d158d84a][0m[38;5;86m[HTTP][0m [37m<-- GET /wd/hub/session/d158d84a-e0c8-414b-af3d-6e6a41043a7b/screenshot [39m[32m200[39m [90m360 ms - 165740[39m [90m[39m
[38;5;93m[d158d84a][0m[38;5;86m[HTTP][0m [37m-->[39m [37mGET[39m [37m/wd/hub/session/d158d84a-e0c8-414b-af3d-6e6a41043a7b/source[39m [90m{}[39m
[38;5;93m[d158d84a][0m[38;5;-51m[AndroidUiautomator2Driver@141b][0m Driver proxy active, passing request on via HTTP proxy
[38;5;93m[d158d84a][0m[38;5;-51m[AndroidUiautomator2Driver@141b][0m Replacing sessionId a6439823-b360-4cc1-a12b-3771e199aab3 with d158d84a-e0c8-414b-af3d-6e6a41043a7b
[38;5;93m[d158d84a][0m[38;5;86m[HTTP][0m [37m<-- GET /wd/hub/session/d158d84a-e0c8-414b-af3d-6e6a41043a7b/source [39m[32m200[39m [90m191 ms - 28650[39m [90m[39m
[38;5;93m[d158d84a][0m[38;5;86m[HTTP][0m [37m-->[39m [37mGET[39m [37m/wd/hub/session/d158d84a-e0c8-414b-af3d-6e6a41043a7b/screenshot[39m [90m{}[39m
[38;5;93m[d158d84a][0m[38;5;86m[HTTP][0m [37m<-- GET /wd/hub/session/d158d84a-e0c8-414b-af3d-6e6a41043a7b/screenshot [39m[32m200[39m [90m334 ms - 165864[39m [90m[39m
[38;5;93m[d158d84a][0m[38;5;86m[HTTP][0m [37m-->[39m [37mGET[39m [37m/wd/hub/session/d158d84a-e0c8-414b-af3d-6e6a41043a7b/source[39m [90m{}[39m
[38;5;93m[d158d84a][0m[38;5;-51m[AndroidUiautomator2Driver@141b][0m Driver proxy active, passing request on via HTTP proxy
[38;5;93m[d158d84a][0m[38;5;-51m[AndroidUiautomator2Driver@141b][0m Replacing sessionId a6439823-b360-4cc1-a12b-3771e199aab3 with d158d84a-e0c8-414b-af3d-6e6a41043a7b
[38;5;93m[d158d84a][0m[38;5;86m[HTTP][0m [37m<-- GET /wd/hub/session/d158d84a-e0c8-414b-af3d-6e6a41043a7b/source [39m[32m200[39m [90m435 ms - 3340[39m [90m[39m
[38;5;93m[d158d84a][0m[38;5;86m[HTTP][0m [37m-->[39m [37mGET[39m [37m/wd/hub/session/d158d84a-e0c8-414b-af3d-6e6a41043a7b/screenshot[39m [90m{}[39m
[38;5;93m[d158d84a][0m[38;5;86m[HTTP][0m [37m<-- GET /wd/hub/session/d158d84a-e0c8-414b-af3d-6e6a41043a7b/screenshot [39m[32m200[39m [90m321 ms - 189456[39m [90m[39m
[38;5;93m[d158d84a][0m[38;5;86m[HTTP][0m [37m--[38;5;227m[0c516a07][0m[38;5;-81m[AndroidUiautomator2Driver@9366][0m Shutting down because we waited 1800 seconds for a command
[38;5;227m[0c516a07][0m[38;5;41m[AppiumDriver@6038][0m Ending session, cause was 'New Command Timeout of 1800 seconds expired. Try customizing the timeout using the 'newCommandTimeout' desired capability'
[38;5;227m[0c516a07][0m[38;5;41m[AppiumDriver@6038][0m Removing session '0c516a07-53de-4995-8180-14983f6c739f' from our master session list
[38;5;227m[0c516a07][0m[38;5;-81m[AndroidUiautomator2Driver@9366][0m Did not get confirmation UiAutomator2 deleteSession worked; Error was: UnknownError: An unknown server-side error occurred while processing the command. Original error: 'DELETE /' cannot be proxied to UiAutomator2 server because the instrumentation process is not running (probably crashed). Check the server log and/or the logcat output for more details
[38;5;227m[0c516a07][0m[38;5;-81m[AndroidUiautomator2Driver@9366][0m Restoring hidden api policy to the device default configuration
[38;5;227m[0c516a07][0m[38;5;86m[HTTP][0m [37m-->[39m [37mDELETE[39m [37m/wd/hub/session/0c516a07-53de-4995-8180-14983f6c739f[39m [90m{}[39m
[38;5;227m[0c516a07][0m[38;5;86m[HTTP][0m [37m<-- DELETE /wd/hub/session/0c516a07-53de-4995-8180-14983f6c739f [39m[33m404[39m [90m44 ms - 3278[39m [90m[39m
eycode":4}[39m
[38;5;93m[d158d84a][0m[38;5;86m[HTTP][0m [37m<-- POST /wd/hub/session/d158d84a-e0c8-414b-af3d-6e6a41043a7b/appium/device/press_keycode [39m[32m200[39m [90m60 ms - 14[39m [90m[39m
[38;5;93m[d158d84a][0m[38;5;86m[HTTP][0m [37m-->[39m [37mPOST[39m [37m/wd/hub/session/d158d84a-e0c8-414b-af3d-6e6a41043a7b/context[39m [90m{"name":"NATIVE_APP"}[39m
[38;5;93m[d158d84a][0m[38;5;86m[HTTP][0m [37m<-- POST /wd/hub/session/d158d84a-e0c8-414b-af3d-6e6a41043a7b/context [39m[32m200[39m [90m3 ms - 14[39m [90m[39m
[38;5;93m[d158d84a][0m[38;5;86m[HTTP][0m [37m-->[39m [37mGET[39m [37m/wd/hub/session/d158d84a-e0c8-414b-af3d-6e6a41043a7b/source[39m [90m{}[39m
[38;5;93m[d158d84a][0m[38;5;-51m[AndroidUiautomator2Driver@141b][0m Driver proxy active, passing request on via HTTP proxy
[38;5;93m[d158d84a][0m[38;5;-51m[AndroidUiautomator2Driver@141b][0m Replacing sessionId a6439823-b360-4cc1-a12b-3771e199aab3 with d158d84a-e0c8-414b-af3d-6e6a41043a7b
[38;5;93m[d158d84a][0m[38;5;86m[HTTP][0m [37m<-- GET /wd/hub/session/d158d84a-e0c8-414b-af3d-6e6a41043a7b/source [39m[32m200[39m [90m447 ms - 14884[39m [90m[39m
[38;5;93m[d158d84a][0m[38;5;86m[HTTP][0m [37m-->[39m [37mGET[39m [37m/wd/hub/session/d158d84a-e0c8-414b-af3d-6e6a41043a7b/screenshot[39m [90m{}[39m
[38;5;93m[d158d84a][0m[38;5;86m[HTTP][0m [37m<-- GET /wd/hub/session/d158d84a-e0c8-414b-af3d-6e6a41043a7b/screenshot [39m[32m200[39m [90m373 ms - 179248[39m [90m[39m
[38;5;93m[d158d84a][0m[38;5;86m[HTTP][0m [37m-->[39m [37mGET[39m [37m/wd/hub/session/d158d84a-e0c8-414b-af3d-6e6a41043a7b/context[39m [90m{}[39m
[38;5;93m[d158d84a][0m[38;5;86m[HTTP][0m [37m<-- GET /wd/hub/session/d158d84a-e0c8-414b-af3d-6e6a41043a7b/context [39m[32m200[39m [90m1 ms - 22[39m [90m[39m
[38;5;93m[d158d84a][0m[38;5;86m[HTTP][0m [37m-->[39m [37mGET[39m [37m/wd/hub/session/d158d84a-e0c8-414b-af3d-6e6a41043a7b/contexts[39m [90m{}[39m
[38;5;93m[d158d84a][0m[38;5;86m[HTTP][0m [37m<-- GET /wd/hub/session/d158d84a-e0c8-414b-af3d-6e6a41043a7b/contexts [39m[32m200[39m [90m266 ms - 57[39m [90m[39m
[38;5;93m[d158d84a][0m[38;5;86m[HTTP][0m [37m-->[39m [37mPOST[39m [37m/wd/hub/session/d158d84a-e0c8-414b-af3d-6e6a41043a7b/context[39m [90m{"name":"NATIVE_APP"}[39m
[38;5;93m[d158d84a][0m[38;5;86m[HTTP][0m [37m<-- POST /wd/hub/session/d158d84a-e0c8-414b-af3d-6e6a41043a7b/context [39m[32m200[39m [90m2 ms - 14[39m [90m[39m
[38;5;93m[d158d84a][0m[38;5;86m[HTTP][0m [37m-->[39m [37mPOST[39m [37m/wd/hub/session/d158d84a-e0c8-414b-af3d-6e6a41043a7b/appium/device/press_keycode[39m [90m{"keycode":4}[39m
[38;5;93m[d158d84a][0m[38;5;86m[HTTP][0m [37m<-- POST /wd/hub/session/d158d84a-e0c8-414b-af3d-6e6a41043a7b/appium/device/press_keycode [39m[32m200[39m [90m76 ms - 14[39m [90m[39m
[38;5;93m[d158d84a][0m[38;5;86m[HTTP][0m [37m-->[39m [37mPOST[39m [37m/wd/hub/session/d158d84a-e0c8-414b-af3d-6e6a41043a7b/context[39m [90m{"name":"NATIVE_APP"}[39m
[38;5;93m[d158d84a][0m[38;5;86m[HTTP][0m [37m<-- POST /wd/hub/session/d158d84a-e0c8-414b-af3d-6e6a41043a7b/context [39m[32m200[39m [90m2 ms - 14[39m [90m[39m
[38;5;93m[d158d84a][0m[38;5;86m[HTTP][0m [37m-->[39m [37mGET[39m [37m/wd/hub/session/d158d84a-e0c8-414b-af3d-6e6a41043a7b/source[39m [90m{}[39m
[38;5;93m[d158d84a][0m[38;5;-51m[AndroidUiautomator2Driver@141b][0m Driver proxy active, passing request on via HTTP proxy
[38;5;93m[d158d84a][0m[38;5;-51m[AndroidUiautomator2Driver@141b][0m Replacing sessionId a6439823-b360-4cc1-a12b-3771e199aab3 with d158d84a-e0c8-414b-af3d-6e6a41043a7b
[38;5;93m[d158d84a][0m[38;5;86m[HTTP][0m [37m<-- GET /wd/hub/session/d158d84a-e0c8-414b-af3d-6e6a41043a7b/source [39m[32m200[39m [90m244 ms - 18404[39m [90m[39m
[38;5;93m[d158d84a][0m[38;5;86m[HTTP][0m [37m-->[39m [37mGET[39m [37m/wd/hub/session/d158d84a-e0c8-414b-af3d-6e6a41043a7b/screenshot[39m [90m{}[39m
[38;5;93m[d158d84a][0m[38;5;86m[HTTP][0m [37m<-- GET /wd/hub/session/d158d84a-e0c8-414b-af3d-6e6a41043a7b/screenshot [39m[32m200[39m [90m326 ms - 169580[39m [90m[39m
[38;5;93m[d158d84a][0m[38;5;-51m[AndroidUiautomator2Driver@141b][0m Shutting down because we waited 1800 seconds for a command
[38;5;93m[d158d84a][0m[38;5;30m[AppiumDriver@97f4][0m Ending session, cause was 'New Command Timeout of 1800 seconds expired. Try customizing the timeout using the 'newCommandTimeout' desired capability'
[38;5;93m[d158d84a][0m[38;5;30m[AppiumDriver@97f4][0m Removing session 'd158d84a-e0c8-414b-af3d-6e6a41043a7b' from our master session list
[38;5;93m[d158d84a][0m[38;5;-51m[AndroidUiautomator2Driver@141b][0m Did not get confirmation UiAutomator2 deleteSession worked; Error was: UnknownError: An unknown server-side error occurred while processing the command. Original error: 'DELETE /' cannot be proxied to UiAutomator2 server because the instrumentation process is not running (probably crashed). Check the server log and/or the logcat output for more details
[38;5;93m[d158d84a][0m[38;5;229m[ADB][0m Error sending command, reconnecting device and retrying: shell,dumpsys,activity,services,io.appium.settings/.recorder.RecorderService
[38;5;93m[d158d84a][0m[38;5;229m[ADB][0m Error sending command, reconnecting device and retrying: shell,am,force-stop,com.android.settings
[38;5;93m[d158d84a][0m[38;5;-51m[AndroidUiautomator2Driver@141b][0m Unable to force stop app: Error executing adbExec. Original error: 'Command 'C:\\Users\\Admin\\.katalon\\tools\\android_sdk\\platform-tools\\adb.exe -P 5037 -s 1B06293410DA1LSB shell am force-stop com.android.settings' exited with code 1'; Command output: error: device '1B06293410DA1LSB' not found

[38;5;93m[d158d84a][0m[38;5;-51m[AndroidUiautomator2Driver@141b][0m Unable to remove system port forward: Error executing adbExec. Original error: 'Command 'C:\\Users\\Admin\\.katalon\\tools\\android_sdk\\platform-tools\\adb.exe -P 5037 -s 1B06293410DA1LSB forward --remove tcp\:8264' exited with code 1'; Command output: adb.exe: error: listener 'tcp:8264' not found

[38;5;93m[d158d84a][0m[38;5;-51m[AndroidUiautomator2Driver@141b][0m Restoring hidden api policy to the device default configuration
[38;5;93m[d158d84a][0m[38;5;86m[HTTP][0m [37m-->[39m [37mDELETE[39m [37m/wd/hub/session/d158d84a-e0c8-414b-af3d-6e6a41043a7b[39m [90m{}[39m
[38;5;93m[d158d84a][0m[38;5;86m[HTTP][0m [37m<-- DELETE /wd/hub/session/d158d84a-e0c8-414b-af3d-6e6a41043a7b [39m[33m404[39m [90m38 ms - 3278[39m [90m[39m
